<?xml version="1.0" encoding="UTF-8"?>
<robot generator="Robot 7.3.2 (Python 3.13.5 on darwin)" generated="2025-11-11T21:35:46.166762" rpa="false" schemaversion="5">
<suite id="s1" name="Scenario-8" source="/Users/patiphonpuntusin/cu/CU_Bank2025/robot/testcases/scenario-8">
<suite id="s1-s1" name="S8-End-To-End-Transfer-Success" source="/Users/patiphonpuntusin/cu/CU_Bank2025/robot/testcases/scenario-8/s8-end-to-end-transfer-success.robot">
<test id="s1-s1-t1" name="TC8-01 End-to-End Transfer Between Two Accounts (Cross-Verification)" line="36">
<kw name="Get Balance Fresh Login">
<kw name="Open Browser To Login">
<kw name="Set Variable" owner="BuiltIn">
<msg time="2025-11-11T21:35:46.312256" level="INFO">${url} = http://localhost:3000/</msg>
<var>${url}</var>
<arg>${BASE_URL}${LOGIN_PATH}</arg>
<doc>Returns the given values which can then be assigned to a variables.</doc>
<status status="PASS" start="2025-11-11T21:35:46.312116" elapsed="0.000171"/>
</kw>
<kw name="Open Browser" owner="SeleniumLibrary">
<msg time="2025-11-11T21:35:46.312551" level="INFO">Opening browser 'chrome' to base url 'http://localhost:3000/'.</msg>
<arg>${url}</arg>
<arg>${BROWSER}</arg>
<doc>Opens a new browser instance to the optional ``url``.</doc>
<status status="PASS" start="2025-11-11T21:35:46.312394" elapsed="4.335894"/>
</kw>
<kw name="Maximize Browser Window" owner="SeleniumLibrary">
<doc>Maximizes current browser window.</doc>
<status status="PASS" start="2025-11-11T21:35:50.649198" elapsed="0.371873"/>
</kw>
<kw name="Wait Until Element Is Visible" owner="SeleniumLibrary">
<arg>${ACC_INPUT}</arg>
<arg>${EXPLICIT_WAIT}</arg>
<doc>Waits until the element ``locator`` is visible.</doc>
<status status="PASS" start="2025-11-11T21:35:51.021248" elapsed="0.025220"/>
</kw>
<status status="PASS" start="2025-11-11T21:35:46.311687" elapsed="4.734930"/>
</kw>
<kw name="Attempt Login And Expect Success">
<kw name="Clear Element Text" owner="SeleniumLibrary">
<arg>${ACC_INPUT}</arg>
<doc>Clears the value of the text-input-element identified by ``locator``.</doc>
<status status="PASS" start="2025-11-11T21:35:51.047268" elapsed="0.027401"/>
</kw>
<kw name="Input Text" owner="SeleniumLibrary">
<msg time="2025-11-11T21:35:51.074977" level="INFO">Typing text '1910000000' into text field '//*[@cid='l1']'.</msg>
<arg>${ACC_INPUT}</arg>
<arg>${account}</arg>
<doc>Types the given ``text`` into the text field identified by ``locator``.</doc>
<status status="PASS" start="2025-11-11T21:35:51.074788" elapsed="0.146074"/>
</kw>
<kw name="Clear Element Text" owner="SeleniumLibrary">
<arg>${PWD_INPUT}</arg>
<doc>Clears the value of the text-input-element identified by ``locator``.</doc>
<status status="PASS" start="2025-11-11T21:35:51.221000" elapsed="0.018183"/>
</kw>
<kw name="Input Text" owner="SeleniumLibrary">
<msg time="2025-11-11T21:35:51.239501" level="INFO">Typing text '1234' into text field '//*[@cid='l2']'.</msg>
<arg>${PWD_INPUT}</arg>
<arg>${password}</arg>
<doc>Types the given ``text`` into the text field identified by ``locator``.</doc>
<status status="PASS" start="2025-11-11T21:35:51.239318" elapsed="0.035829"/>
</kw>
<kw name="Click Element" owner="SeleniumLibrary">
<msg time="2025-11-11T21:35:51.275545" level="INFO">Clicking element '//*[@cid='lc']'.</msg>
<arg>${LOGIN_BTN}</arg>
<doc>Click the element identified by ``locator``.</doc>
<status status="PASS" start="2025-11-11T21:35:51.275311" elapsed="0.042474"/>
</kw>
<kw name="Wait Until Location Contains" owner="SeleniumLibrary">
<arg>${ACCOUNT_PATH}</arg>
<arg>${EXPLICIT_WAIT}</arg>
<doc>Waits until the current URL contains ``expected``.</doc>
<status status="PASS" start="2025-11-11T21:35:51.318009" elapsed="0.210974"/>
</kw>
<kw name="Page Should Not Contain Element" owner="SeleniumLibrary">
<msg time="2025-11-11T21:35:51.535965" level="INFO">Current page does not contain element '//*[@cid='login-error-mes']'.</msg>
<arg>${LOGIN_ERROR_LABEL}</arg>
<doc>Verifies that element ``locator`` is not found on the current page.</doc>
<status status="PASS" start="2025-11-11T21:35:51.529138" elapsed="0.006912"/>
</kw>
<kw name="Sleep" owner="BuiltIn">
<msg time="2025-11-11T21:35:52.037836" level="INFO">Slept 500 milliseconds.</msg>
<arg>0.5s</arg>
<doc>Pauses the test executed for the given time.</doc>
<status status="PASS" start="2025-11-11T21:35:51.536186" elapsed="0.508902"/>
</kw>
<arg>${account}</arg>
<arg>${password}</arg>
<status status="PASS" start="2025-11-11T21:35:51.046879" elapsed="0.998549"/>
</kw>
<kw name="Read Current Balance">
<kw name="Wait Until Element Is Visible" owner="SeleniumLibrary">
<arg>${BALANCE_LABEL}</arg>
<arg>${EXPLICIT_WAIT}</arg>
<doc>Waits until the element ``locator`` is visible.</doc>
<status status="PASS" start="2025-11-11T21:35:52.047753" elapsed="0.020155"/>
</kw>
<kw name="Get Text" owner="SeleniumLibrary">
<msg time="2025-11-11T21:35:52.080679" level="INFO">${txt} = 0</msg>
<var>${txt}</var>
<arg>${BALANCE_LABEL}</arg>
<doc>Returns the text value of the element identified by ``locator``.</doc>
<status status="PASS" start="2025-11-11T21:35:52.068101" elapsed="0.012609"/>
</kw>
<kw name="To Integer From Text">
<kw name="Replace String Using Regexp" owner="String">
<msg time="2025-11-11T21:35:52.081557" level="INFO">${clean} = 0</msg>
<var>${clean}</var>
<arg>${text}</arg>
<arg>[^0-9\-]</arg>
<arg>${EMPTY}</arg>
<doc>Replaces ``pattern`` in the given ``string`` with ``replace_with``.</doc>
<status status="PASS" start="2025-11-11T21:35:52.081051" elapsed="0.000524"/>
</kw>
<kw name="Convert To Integer" owner="BuiltIn">
<msg time="2025-11-11T21:35:52.081766" level="INFO">${num} = 0</msg>
<var>${num}</var>
<arg>${clean}</arg>
<doc>Converts the given item to an integer number.</doc>
<status status="PASS" start="2025-11-11T21:35:52.081651" elapsed="0.000130"/>
</kw>
<return>
<value>${num}</value>
<status status="PASS" start="2025-11-11T21:35:52.081830" elapsed="0.000075"/>
</return>
<msg time="2025-11-11T21:35:52.081988" level="INFO">${num} = 0</msg>
<var>${num}</var>
<arg>${txt}</arg>
<status status="PASS" start="2025-11-11T21:35:52.080854" elapsed="0.001148"/>
</kw>
<return>
<value>${num}</value>
<status status="PASS" start="2025-11-11T21:35:52.082034" elapsed="0.000022"/>
</return>
<msg time="2025-11-11T21:35:52.082123" level="INFO">${bal} = 0</msg>
<var>${bal}</var>
<status status="PASS" start="2025-11-11T21:35:52.046565" elapsed="0.035573"/>
</kw>
<return>
<value>${bal}</value>
<status status="PASS" start="2025-11-11T21:35:52.082163" elapsed="0.000017"/>
</return>
<msg time="2025-11-11T21:35:52.082253" level="INFO">${dst_before} = 0</msg>
<var>${dst_before}</var>
<arg>${DST_ACCOUNT}</arg>
<arg>${DST_PASSWORD}</arg>
<status status="PASS" start="2025-11-11T21:35:46.311408" elapsed="5.770859"/>
</kw>
<kw name="Open Browser To Login">
<kw name="Set Variable" owner="BuiltIn">
<msg time="2025-11-11T21:35:52.082645" level="INFO">${url} = http://localhost:3000/</msg>
<var>${url}</var>
<arg>${BASE_URL}${LOGIN_PATH}</arg>
<doc>Returns the given values which can then be assigned to a variables.</doc>
<status status="PASS" start="2025-11-11T21:35:52.082545" elapsed="0.000114"/>
</kw>
<kw name="Open Browser" owner="SeleniumLibrary">
<msg time="2025-11-11T21:35:52.082854" level="INFO">Opening browser 'chrome' to base url 'http://localhost:3000/'.</msg>
<arg>${url}</arg>
<arg>${BROWSER}</arg>
<doc>Opens a new browser instance to the optional ``url``.</doc>
<status status="PASS" start="2025-11-11T21:35:52.082739" elapsed="1.247171"/>
</kw>
<kw name="Maximize Browser Window" owner="SeleniumLibrary">
<doc>Maximizes current browser window.</doc>
<status status="PASS" start="2025-11-11T21:35:53.331864" elapsed="0.359391"/>
</kw>
<kw name="Wait Until Element Is Visible" owner="SeleniumLibrary">
<arg>${ACC_INPUT}</arg>
<arg>${EXPLICIT_WAIT}</arg>
<doc>Waits until the element ``locator`` is visible.</doc>
<status status="PASS" start="2025-11-11T21:35:53.691412" elapsed="0.012434"/>
</kw>
<status status="PASS" start="2025-11-11T21:35:52.082419" elapsed="1.621556"/>
</kw>
<kw name="Attempt Login And Expect Success">
<kw name="Clear Element Text" owner="SeleniumLibrary">
<arg>${ACC_INPUT}</arg>
<doc>Clears the value of the text-input-element identified by ``locator``.</doc>
<status status="PASS" start="2025-11-11T21:35:53.704536" elapsed="0.027831"/>
</kw>
<kw name="Input Text" owner="SeleniumLibrary">
<msg time="2025-11-11T21:35:53.732801" level="INFO">Typing text '1111111111' into text field '//*[@cid='l1']'.</msg>
<arg>${ACC_INPUT}</arg>
<arg>${account}</arg>
<doc>Types the given ``text`` into the text field identified by ``locator``.</doc>
<status status="PASS" start="2025-11-11T21:35:53.732602" elapsed="0.143619"/>
</kw>
<kw name="Clear Element Text" owner="SeleniumLibrary">
<arg>${PWD_INPUT}</arg>
<doc>Clears the value of the text-input-element identified by ``locator``.</doc>
<status status="PASS" start="2025-11-11T21:35:53.876368" elapsed="0.017453"/>
</kw>
<kw name="Input Text" owner="SeleniumLibrary">
<msg time="2025-11-11T21:35:53.894120" level="INFO">Typing text '1234' into text field '//*[@cid='l2']'.</msg>
<arg>${PWD_INPUT}</arg>
<arg>${password}</arg>
<doc>Types the given ``text`` into the text field identified by ``locator``.</doc>
<status status="PASS" start="2025-11-11T21:35:53.893946" elapsed="0.036259"/>
</kw>
<kw name="Click Element" owner="SeleniumLibrary">
<msg time="2025-11-11T21:35:53.930546" level="INFO">Clicking element '//*[@cid='lc']'.</msg>
<arg>${LOGIN_BTN}</arg>
<doc>Click the element identified by ``locator``.</doc>
<status status="PASS" start="2025-11-11T21:35:53.930356" elapsed="0.037331"/>
</kw>
<kw name="Wait Until Location Contains" owner="SeleniumLibrary">
<arg>${ACCOUNT_PATH}</arg>
<arg>${EXPLICIT_WAIT}</arg>
<doc>Waits until the current URL contains ``expected``.</doc>
<status status="PASS" start="2025-11-11T21:35:53.967843" elapsed="0.210791"/>
</kw>
<kw name="Page Should Not Contain Element" owner="SeleniumLibrary">
<msg time="2025-11-11T21:35:54.186455" level="INFO">Current page does not contain element '//*[@cid='login-error-mes']'.</msg>
<arg>${LOGIN_ERROR_LABEL}</arg>
<doc>Verifies that element ``locator`` is not found on the current page.</doc>
<status status="PASS" start="2025-11-11T21:35:54.178840" elapsed="0.007698"/>
</kw>
<kw name="Sleep" owner="BuiltIn">
<msg time="2025-11-11T21:35:54.687532" level="INFO">Slept 500 milliseconds.</msg>
<arg>0.5s</arg>
<doc>Pauses the test executed for the given time.</doc>
<status status="PASS" start="2025-11-11T21:35:54.186701" elapsed="0.501235"/>
</kw>
<arg>${SRC_ACCOUNT}</arg>
<arg>${SRC_PASSWORD}</arg>
<status status="PASS" start="2025-11-11T21:35:53.704238" elapsed="0.984024"/>
</kw>
<kw name="Read Current Balance">
<kw name="Wait Until Element Is Visible" owner="SeleniumLibrary">
<arg>${BALANCE_LABEL}</arg>
<arg>${EXPLICIT_WAIT}</arg>
<doc>Waits until the element ``locator`` is visible.</doc>
<status status="PASS" start="2025-11-11T21:35:54.689721" elapsed="0.018837"/>
</kw>
<kw name="Get Text" owner="SeleniumLibrary">
<msg time="2025-11-11T21:35:54.721879" level="INFO">${txt} = 500</msg>
<var>${txt}</var>
<arg>${BALANCE_LABEL}</arg>
<doc>Returns the text value of the element identified by ``locator``.</doc>
<status status="PASS" start="2025-11-11T21:35:54.708754" elapsed="0.013166"/>
</kw>
<kw name="To Integer From Text">
<kw name="Replace String Using Regexp" owner="String">
<msg time="2025-11-11T21:35:54.722716" level="INFO">${clean} = 500</msg>
<var>${clean}</var>
<arg>${text}</arg>
<arg>[^0-9\-]</arg>
<arg>${EMPTY}</arg>
<doc>Replaces ``pattern`` in the given ``string`` with ``replace_with``.</doc>
<status status="PASS" start="2025-11-11T21:35:54.722291" elapsed="0.000443"/>
</kw>
<kw name="Convert To Integer" owner="BuiltIn">
<msg time="2025-11-11T21:35:54.722935" level="INFO">${num} = 500</msg>
<var>${num}</var>
<arg>${clean}</arg>
<doc>Converts the given item to an integer number.</doc>
<status status="PASS" start="2025-11-11T21:35:54.722814" elapsed="0.000137"/>
</kw>
<return>
<value>${num}</value>
<status status="PASS" start="2025-11-11T21:35:54.722997" elapsed="0.000043"/>
</return>
<msg time="2025-11-11T21:35:54.723114" level="INFO">${num} = 500</msg>
<var>${num}</var>
<arg>${txt}</arg>
<status status="PASS" start="2025-11-11T21:35:54.722084" elapsed="0.001045"/>
</kw>
<return>
<value>${num}</value>
<status status="PASS" start="2025-11-11T21:35:54.723157" elapsed="0.000018"/>
</return>
<msg time="2025-11-11T21:35:54.723240" level="INFO">${src_before} = 500</msg>
<var>${src_before}</var>
<status status="PASS" start="2025-11-11T21:35:54.688994" elapsed="0.034260"/>
</kw>
<kw name="Perform Transfer">
<kw name="Wait Until Element Is Visible" owner="SeleniumLibrary">
<arg>${RECEIVER_INPUT}</arg>
<arg>${EXPLICIT_WAIT}</arg>
<doc>Waits until the element ``locator`` is visible.</doc>
<status status="PASS" start="2025-11-11T21:35:54.723562" elapsed="0.009313"/>
</kw>
<kw name="Clear Element Text" owner="SeleniumLibrary">
<arg>${RECEIVER_INPUT}</arg>
<doc>Clears the value of the text-input-element identified by ``locator``.</doc>
<status status="PASS" start="2025-11-11T21:35:54.733064" elapsed="0.015355"/>
</kw>
<kw name="Input Text" owner="SeleniumLibrary">
<msg time="2025-11-11T21:35:54.748720" level="INFO">Typing text '1910000000' into text field '//*[@cid='t1']'.</msg>
<arg>${RECEIVER_INPUT}</arg>
<arg>${receiver}</arg>
<doc>Types the given ``text`` into the text field identified by ``locator``.</doc>
<status status="PASS" start="2025-11-11T21:35:54.748547" elapsed="0.050145"/>
</kw>
<kw name="Clear Element Text" owner="SeleniumLibrary">
<arg>${TRANSFER_AMOUNT_INPUT}</arg>
<doc>Clears the value of the text-input-element identified by ``locator``.</doc>
<status status="PASS" start="2025-11-11T21:35:54.798847" elapsed="0.021557"/>
</kw>
<kw name="Input Text" owner="SeleniumLibrary">
<msg time="2025-11-11T21:35:54.820771" level="INFO">Typing text '100' into text field '//*[@cid='t2']'.</msg>
<arg>${TRANSFER_AMOUNT_INPUT}</arg>
<arg>${amount}</arg>
<doc>Types the given ``text`` into the text field identified by ``locator``.</doc>
<status status="PASS" start="2025-11-11T21:35:54.820564" elapsed="0.046056"/>
</kw>
<kw name="Click Element" owner="SeleniumLibrary">
<msg time="2025-11-11T21:35:54.866967" level="INFO">Clicking element '//*[@cid='tc']'.</msg>
<arg>${TRANSFER_CONFIRM_BTN}</arg>
<doc>Click the element identified by ``locator``.</doc>
<status status="PASS" start="2025-11-11T21:35:54.866775" elapsed="0.037402"/>
</kw>
<kw name="Sleep" owner="BuiltIn">
<msg time="2025-11-11T21:35:55.406088" level="INFO">Slept 500 milliseconds.</msg>
<arg>0.5s</arg>
<doc>Pauses the test executed for the given time.</doc>
<status status="PASS" start="2025-11-11T21:35:54.904338" elapsed="0.502047"/>
</kw>
<arg>${DST_ACCOUNT}</arg>
<arg>${XFER_AMOUNT}</arg>
<status status="PASS" start="2025-11-11T21:35:54.723388" elapsed="0.683215"/>
</kw>
<kw name="Page Should Not Contain Element" owner="SeleniumLibrary">
<msg time="2025-11-11T21:35:55.420405" level="INFO">Current page does not contain element '//*[@cid='transfer-error-mes']'.</msg>
<arg>${TRANSFER_ERROR_LABEL}</arg>
<doc>Verifies that element ``locator`` is not found on the current page.</doc>
<status status="PASS" start="2025-11-11T21:35:55.407083" elapsed="0.013426"/>
</kw>
<kw name="Wait And Read Current Balance">
<kw name="Wait Until Keyword Succeeds" owner="BuiltIn">
<kw name="Read Current Balance">
<kw name="Wait Until Element Is Visible" owner="SeleniumLibrary">
<arg>${BALANCE_LABEL}</arg>
<arg>${EXPLICIT_WAIT}</arg>
<doc>Waits until the element ``locator`` is visible.</doc>
<status status="PASS" start="2025-11-11T21:35:55.421383" elapsed="0.008734"/>
</kw>
<kw name="Get Text" owner="SeleniumLibrary">
<msg time="2025-11-11T21:35:55.439479" level="INFO">${txt} = 400</msg>
<var>${txt}</var>
<arg>${BALANCE_LABEL}</arg>
<doc>Returns the text value of the element identified by ``locator``.</doc>
<status status="PASS" start="2025-11-11T21:35:55.430292" elapsed="0.009228"/>
</kw>
<kw name="To Integer From Text">
<kw name="Replace String Using Regexp" owner="String">
<msg time="2025-11-11T21:35:55.440254" level="INFO">${clean} = 400</msg>
<var>${clean}</var>
<arg>${text}</arg>
<arg>[^0-9\-]</arg>
<arg>${EMPTY}</arg>
<doc>Replaces ``pattern`` in the given ``string`` with ``replace_with``.</doc>
<status status="PASS" start="2025-11-11T21:35:55.439891" elapsed="0.000380"/>
</kw>
<kw name="Convert To Integer" owner="BuiltIn">
<msg time="2025-11-11T21:35:55.440589" level="INFO">${num} = 400</msg>
<var>${num}</var>
<arg>${clean}</arg>
<doc>Converts the given item to an integer number.</doc>
<status status="PASS" start="2025-11-11T21:35:55.440484" elapsed="0.000120"/>
</kw>
<return>
<value>${num}</value>
<status status="PASS" start="2025-11-11T21:35:55.440640" elapsed="0.000040"/>
</return>
<msg time="2025-11-11T21:35:55.440756" level="INFO">${num} = 400</msg>
<var>${num}</var>
<arg>${txt}</arg>
<status status="PASS" start="2025-11-11T21:35:55.439695" elapsed="0.001075"/>
</kw>
<return>
<value>${num}</value>
<status status="PASS" start="2025-11-11T21:35:55.440797" elapsed="0.000016"/>
</return>
<status status="PASS" start="2025-11-11T21:35:55.421264" elapsed="0.019597"/>
</kw>
<arg>5x</arg>
<arg>1s</arg>
<arg>Read Current Balance</arg>
<doc>Runs the specified keyword and retries if it fails.</doc>
<status status="PASS" start="2025-11-11T21:35:55.421044" elapsed="0.019848"/>
</kw>
<kw name="Read Current Balance">
<kw name="Wait Until Element Is Visible" owner="SeleniumLibrary">
<arg>${BALANCE_LABEL}</arg>
<arg>${EXPLICIT_WAIT}</arg>
<doc>Waits until the element ``locator`` is visible.</doc>
<status status="PASS" start="2025-11-11T21:35:55.441084" elapsed="0.008154"/>
</kw>
<kw name="Get Text" owner="SeleniumLibrary">
<msg time="2025-11-11T21:35:55.457510" level="INFO">${txt} = 400</msg>
<var>${txt}</var>
<arg>${BALANCE_LABEL}</arg>
<doc>Returns the text value of the element identified by ``locator``.</doc>
<status status="PASS" start="2025-11-11T21:35:55.449387" elapsed="0.008161"/>
</kw>
<kw name="To Integer From Text">
<kw name="Replace String Using Regexp" owner="String">
<msg time="2025-11-11T21:35:55.458320" level="INFO">${clean} = 400</msg>
<var>${clean}</var>
<arg>${text}</arg>
<arg>[^0-9\-]</arg>
<arg>${EMPTY}</arg>
<doc>Replaces ``pattern`` in the given ``string`` with ``replace_with``.</doc>
<status status="PASS" start="2025-11-11T21:35:55.457943" elapsed="0.000396"/>
</kw>
<kw name="Convert To Integer" owner="BuiltIn">
<msg time="2025-11-11T21:35:55.458516" level="INFO">${num} = 400</msg>
<var>${num}</var>
<arg>${clean}</arg>
<doc>Converts the given item to an integer number.</doc>
<status status="PASS" start="2025-11-11T21:35:55.458408" elapsed="0.000123"/>
</kw>
<return>
<value>${num}</value>
<status status="PASS" start="2025-11-11T21:35:55.458569" elapsed="0.000036"/>
</return>
<msg time="2025-11-11T21:35:55.458678" level="INFO">${num} = 400</msg>
<var>${num}</var>
<arg>${txt}</arg>
<status status="PASS" start="2025-11-11T21:35:55.457726" elapsed="0.000966"/>
</kw>
<return>
<value>${num}</value>
<status status="PASS" start="2025-11-11T21:35:55.458720" elapsed="0.000016"/>
</return>
<msg time="2025-11-11T21:35:55.458794" level="INFO">${v} = 400</msg>
<var>${v}</var>
<status status="PASS" start="2025-11-11T21:35:55.440970" elapsed="0.017838"/>
</kw>
<return>
<value>${v}</value>
<status status="PASS" start="2025-11-11T21:35:55.458833" elapsed="0.000015"/>
</return>
<msg time="2025-11-11T21:35:55.458912" level="INFO">${src_after} = 400</msg>
<var>${src_after}</var>
<status status="PASS" start="2025-11-11T21:35:55.420797" elapsed="0.038128"/>
</kw>
<kw name="Evaluate" owner="BuiltIn">
<msg time="2025-11-11T21:35:55.459305" level="INFO">${expect_src} = 400</msg>
<var>${expect_src}</var>
<arg>${src_before} - ${XFER_AMOUNT}</arg>
<doc>Evaluates the given expression in Python and returns the result.</doc>
<status status="PASS" start="2025-11-11T21:35:55.459078" elapsed="0.000241"/>
</kw>
<kw name="Should Be Equal As Integers" owner="BuiltIn">
<arg>${src_after}</arg>
<arg>${expect_src}</arg>
<doc>Fails if objects are unequal after converting them to integers.</doc>
<status status="PASS" start="2025-11-11T21:35:55.459403" elapsed="0.000153"/>
</kw>
<kw name="Log To Console" owner="BuiltIn">
<arg>\n${src_before}</arg>
<doc>Logs the given message to the console.</doc>
<status status="PASS" start="2025-11-11T21:35:55.459662" elapsed="0.000094"/>
</kw>
<kw name="Display Latest Transfer To">
<kw name="Wait Until Page Contains Element" owner="SeleniumLibrary">
<arg>${SRC_LATEST_XFER_CARD}</arg>
<arg>${EXPLICIT_WAIT}</arg>
<doc>Waits until the element ``locator`` appears on the current page.</doc>
<status status="PASS" start="2025-11-11T21:35:55.460019" elapsed="0.007218"/>
</kw>
<kw name="Get Text" owner="SeleniumLibrary">
<msg time="2025-11-11T21:35:55.479070" level="INFO">${src_date_line} = date: 2025-11-11T14:35:54.952Z</msg>
<var>${src_date_line}</var>
<arg>${SRC_LATEST_XFER_CARD}//*[contains(normalize-space(.),'date:')][1]</arg>
<doc>Returns the text value of the element identified by ``locator``.</doc>
<status status="PASS" start="2025-11-11T21:35:55.467369" elapsed="0.011739"/>
</kw>
<kw name="Get Text" owner="SeleniumLibrary">
<msg time="2025-11-11T21:35:55.490335" level="INFO">${src_target_line} = target: 1910000000</msg>
<var>${src_target_line}</var>
<arg>${SRC_LATEST_XFER_CARD}//*[contains(normalize-space(.),'target:')][1]</arg>
<doc>Returns the text value of the element identified by ``locator``.</doc>
<status status="PASS" start="2025-11-11T21:35:55.479237" elapsed="0.011133"/>
</kw>
<kw name="Get Text" owner="SeleniumLibrary">
<msg time="2025-11-11T21:35:55.500927" level="INFO">${src_amount_line} = amount: 100</msg>
<var>${src_amount_line}</var>
<arg>${SRC_LATEST_XFER_CARD}//*[contains(normalize-space(.),'amount:')][1]</arg>
<doc>Returns the text value of the element identified by ``locator``.</doc>
<status status="PASS" start="2025-11-11T21:35:55.490489" elapsed="0.010474"/>
</kw>
<kw name="Get Text" owner="SeleniumLibrary">
<msg time="2025-11-11T21:35:55.513318" level="INFO">${src_balance_line} = balance: 400</msg>
<var>${src_balance_line}</var>
<arg>${SRC_LATEST_XFER_CARD}//*[contains(normalize-space(.),'balance:')][1]</arg>
<doc>Returns the text value of the element identified by ``locator``.</doc>
<status status="PASS" start="2025-11-11T21:35:55.501217" elapsed="0.012138"/>
</kw>
<kw name="Get Text After Label">
<kw name="Replace String" owner="String">
<msg time="2025-11-11T21:35:55.514127" level="INFO">${val} =  2025-11-11T14:35:54.952Z</msg>
<var>${val}</var>
<arg>${line}</arg>
<arg>${label}</arg>
<arg>${EMPTY}</arg>
<doc>Replaces ``search_for`` in the given ``string`` with ``replace_with``.</doc>
<status status="PASS" start="2025-11-11T21:35:55.513753" elapsed="0.000392"/>
</kw>
<kw name="Strip String" owner="String">
<msg time="2025-11-11T21:35:55.514296" level="INFO">${val} = 2025-11-11T14:35:54.952Z</msg>
<var>${val}</var>
<arg>${val}</arg>
<doc>Remove leading and/or trailing whitespaces from the given string.</doc>
<status status="PASS" start="2025-11-11T21:35:55.514211" elapsed="0.000099"/>
</kw>
<return>
<value>${val}</value>
<status status="PASS" start="2025-11-11T21:35:55.514346" elapsed="0.000036"/>
</return>
<msg time="2025-11-11T21:35:55.514456" level="INFO">${SRC_DATE} = 2025-11-11T14:35:54.952Z</msg>
<var>${SRC_DATE}</var>
<arg>${src_date_line}</arg>
<arg>date:</arg>
<status status="PASS" start="2025-11-11T21:35:55.513534" elapsed="0.000935"/>
</kw>
<kw name="To Integer From Labeled Line">
<kw name="To Integer From Text">
<kw name="Replace String Using Regexp" owner="String">
<msg time="2025-11-11T21:35:55.515105" level="INFO">${clean} = 1910000000</msg>
<var>${clean}</var>
<arg>${text}</arg>
<arg>[^0-9\-]</arg>
<arg>${EMPTY}</arg>
<doc>Replaces ``pattern`` in the given ``string`` with ``replace_with``.</doc>
<status status="PASS" start="2025-11-11T21:35:55.514805" elapsed="0.000315"/>
</kw>
<kw name="Convert To Integer" owner="BuiltIn">
<msg time="2025-11-11T21:35:55.515280" level="INFO">${num} = 1910000000</msg>
<var>${num}</var>
<arg>${clean}</arg>
<doc>Converts the given item to an integer number.</doc>
<status status="PASS" start="2025-11-11T21:35:55.515179" elapsed="0.000114"/>
</kw>
<return>
<value>${num}</value>
<status status="PASS" start="2025-11-11T21:35:55.515320" elapsed="0.000019"/>
</return>
<msg time="2025-11-11T21:35:55.515402" level="INFO">${num} = 1910000000</msg>
<var>${num}</var>
<arg>${line}</arg>
<status status="PASS" start="2025-11-11T21:35:55.514688" elapsed="0.000727"/>
</kw>
<return>
<value>${num}</value>
<status status="PASS" start="2025-11-11T21:35:55.515532" elapsed="0.000019"/>
</return>
<msg time="2025-11-11T21:35:55.515611" level="INFO">${SRC_TARGET} = 1910000000</msg>
<var>${SRC_TARGET}</var>
<arg>${src_target_line}</arg>
<status status="PASS" start="2025-11-11T21:35:55.514546" elapsed="0.001079"/>
</kw>
<kw name="To Integer From Labeled Line">
<kw name="To Integer From Text">
<kw name="Replace String Using Regexp" owner="String">
<msg time="2025-11-11T21:35:55.516245" level="INFO">${clean} = 100</msg>
<var>${clean}</var>
<arg>${text}</arg>
<arg>[^0-9\-]</arg>
<arg>${EMPTY}</arg>
<doc>Replaces ``pattern`` in the given ``string`` with ``replace_with``.</doc>
<status status="PASS" start="2025-11-11T21:35:55.515957" elapsed="0.000304"/>
</kw>
<kw name="Convert To Integer" owner="BuiltIn">
<msg time="2025-11-11T21:35:55.516407" level="INFO">${num} = 100</msg>
<var>${num}</var>
<arg>${clean}</arg>
<doc>Converts the given item to an integer number.</doc>
<status status="PASS" start="2025-11-11T21:35:55.516317" elapsed="0.000105"/>
</kw>
<return>
<value>${num}</value>
<status status="PASS" start="2025-11-11T21:35:55.516450" elapsed="0.000017"/>
</return>
<msg time="2025-11-11T21:35:55.516531" level="INFO">${num} = 100</msg>
<var>${num}</var>
<arg>${line}</arg>
<status status="PASS" start="2025-11-11T21:35:55.515829" elapsed="0.000715"/>
</kw>
<return>
<value>${num}</value>
<status status="PASS" start="2025-11-11T21:35:55.516571" elapsed="0.000015"/>
</return>
<msg time="2025-11-11T21:35:55.516641" level="INFO">${SRC_AMOUNT} = 100</msg>
<var>${SRC_AMOUNT}</var>
<arg>${src_amount_line}</arg>
<status status="PASS" start="2025-11-11T21:35:55.515691" elapsed="0.000963"/>
</kw>
<kw name="To Integer From Labeled Line">
<kw name="To Integer From Text">
<kw name="Replace String Using Regexp" owner="String">
<msg time="2025-11-11T21:35:55.517345" level="INFO">${clean} = 400</msg>
<var>${clean}</var>
<arg>${text}</arg>
<arg>[^0-9\-]</arg>
<arg>${EMPTY}</arg>
<doc>Replaces ``pattern`` in the given ``string`` with ``replace_with``.</doc>
<status status="PASS" start="2025-11-11T21:35:55.516957" elapsed="0.000411"/>
</kw>
<kw name="Convert To Integer" owner="BuiltIn">
<msg time="2025-11-11T21:35:55.517558" level="INFO">${num} = 400</msg>
<var>${num}</var>
<arg>${clean}</arg>
<doc>Converts the given item to an integer number.</doc>
<status status="PASS" start="2025-11-11T21:35:55.517448" elapsed="0.000125"/>
</kw>
<return>
<value>${num}</value>
<status status="PASS" start="2025-11-11T21:35:55.517603" elapsed="0.000023"/>
</return>
<msg time="2025-11-11T21:35:55.517693" level="INFO">${num} = 400</msg>
<var>${num}</var>
<arg>${line}</arg>
<status status="PASS" start="2025-11-11T21:35:55.516847" elapsed="0.000862"/>
</kw>
<return>
<value>${num}</value>
<status status="PASS" start="2025-11-11T21:35:55.517735" elapsed="0.000125"/>
</return>
<msg time="2025-11-11T21:35:55.518044" level="INFO">${SRC_BALANCE} = 400</msg>
<var>${SRC_BALANCE}</var>
<arg>${src_balance_line}</arg>
<status status="PASS" start="2025-11-11T21:35:55.516716" elapsed="0.001354"/>
</kw>
<kw name="Set Test Variable" owner="BuiltIn">
<msg time="2025-11-11T21:35:55.518349" level="INFO">${SRC_DATE} = 2025-11-11T14:35:54.952Z</msg>
<arg>${SRC_DATE}</arg>
<doc>Makes a variable available everywhere within the scope of the current test.</doc>
<status status="PASS" start="2025-11-11T21:35:55.518196" elapsed="0.000181"/>
</kw>
<kw name="Set Test Variable" owner="BuiltIn">
<msg time="2025-11-11T21:35:55.518522" level="INFO">${SRC_TARGET} = 1910000000</msg>
<arg>${SRC_TARGET}</arg>
<doc>Makes a variable available everywhere within the scope of the current test.</doc>
<status status="PASS" start="2025-11-11T21:35:55.518437" elapsed="0.000118"/>
</kw>
<kw name="Set Test Variable" owner="BuiltIn">
<msg time="2025-11-11T21:35:55.518687" level="INFO">${SRC_AMOUNT} = 100</msg>
<arg>${SRC_AMOUNT}</arg>
<doc>Makes a variable available everywhere within the scope of the current test.</doc>
<status status="PASS" start="2025-11-11T21:35:55.518606" elapsed="0.000103"/>
</kw>
<kw name="Set Test Variable" owner="BuiltIn">
<msg time="2025-11-11T21:35:55.518841" level="INFO">${SRC_BALANCE} = 400</msg>
<arg>${SRC_BALANCE}</arg>
<doc>Makes a variable available everywhere within the scope of the current test.</doc>
<status status="PASS" start="2025-11-11T21:35:55.518758" elapsed="0.000104"/>
</kw>
<kw name="Log To Console" owner="BuiltIn">
<arg>\n=== LATEST TRANSFER TO ===</arg>
<doc>Logs the given message to the console.</doc>
<status status="PASS" start="2025-11-11T21:35:55.518913" elapsed="0.000146"/>
</kw>
<kw name="Log To Console" owner="BuiltIn">
<arg>${src_date_line}</arg>
<doc>Logs the given message to the console.</doc>
<status status="PASS" start="2025-11-11T21:35:55.519110" elapsed="0.000077"/>
</kw>
<kw name="Log To Console" owner="BuiltIn">
<arg>${src_target_line}</arg>
<doc>Logs the given message to the console.</doc>
<status status="PASS" start="2025-11-11T21:35:55.519231" elapsed="0.000071"/>
</kw>
<kw name="Log To Console" owner="BuiltIn">
<arg>${src_amount_line}</arg>
<doc>Logs the given message to the console.</doc>
<status status="PASS" start="2025-11-11T21:35:55.519348" elapsed="0.000073"/>
</kw>
<kw name="Log To Console" owner="BuiltIn">
<arg>${src_balance_line}</arg>
<doc>Logs the given message to the console.</doc>
<status status="PASS" start="2025-11-11T21:35:55.519466" elapsed="0.000070"/>
</kw>
<status status="PASS" start="2025-11-11T21:35:55.459897" elapsed="0.059674"/>
</kw>
<kw name="Close All Browsers" owner="SeleniumLibrary">
<doc>Closes all open browsers and resets the browser cache.</doc>
<status status="PASS" start="2025-11-11T21:35:55.519648" elapsed="0.186563"/>
</kw>
<kw name="Get Balance Fresh Login">
<kw name="Open Browser To Login">
<kw name="Set Variable" owner="BuiltIn">
<msg time="2025-11-11T21:35:55.706969" level="INFO">${url} = http://localhost:3000/</msg>
<var>${url}</var>
<arg>${BASE_URL}${LOGIN_PATH}</arg>
<doc>Returns the given values which can then be assigned to a variables.</doc>
<status status="PASS" start="2025-11-11T21:35:55.706859" elapsed="0.000129"/>
</kw>
<kw name="Open Browser" owner="SeleniumLibrary">
<msg time="2025-11-11T21:35:55.707197" level="INFO">Opening browser 'chrome' to base url 'http://localhost:3000/'.</msg>
<arg>${url}</arg>
<arg>${BROWSER}</arg>
<doc>Opens a new browser instance to the optional ``url``.</doc>
<status status="PASS" start="2025-11-11T21:35:55.707068" elapsed="1.134738"/>
</kw>
<kw name="Maximize Browser Window" owner="SeleniumLibrary">
<doc>Maximizes current browser window.</doc>
<status status="PASS" start="2025-11-11T21:35:56.842543" elapsed="0.369657"/>
</kw>
<kw name="Wait Until Element Is Visible" owner="SeleniumLibrary">
<arg>${ACC_INPUT}</arg>
<arg>${EXPLICIT_WAIT}</arg>
<doc>Waits until the element ``locator`` is visible.</doc>
<status status="PASS" start="2025-11-11T21:35:57.212401" elapsed="0.016389"/>
</kw>
<status status="PASS" start="2025-11-11T21:35:55.706704" elapsed="1.522219"/>
</kw>
<kw name="Attempt Login And Expect Success">
<kw name="Clear Element Text" owner="SeleniumLibrary">
<arg>${ACC_INPUT}</arg>
<doc>Clears the value of the text-input-element identified by ``locator``.</doc>
<status status="PASS" start="2025-11-11T21:35:57.229421" elapsed="0.031889"/>
</kw>
<kw name="Input Text" owner="SeleniumLibrary">
<msg time="2025-11-11T21:35:57.261751" level="INFO">Typing text '1910000000' into text field '//*[@cid='l1']'.</msg>
<arg>${ACC_INPUT}</arg>
<arg>${account}</arg>
<doc>Types the given ``text`` into the text field identified by ``locator``.</doc>
<status status="PASS" start="2025-11-11T21:35:57.261498" elapsed="0.147797"/>
</kw>
<kw name="Clear Element Text" owner="SeleniumLibrary">
<arg>${PWD_INPUT}</arg>
<doc>Clears the value of the text-input-element identified by ``locator``.</doc>
<status status="PASS" start="2025-11-11T21:35:57.409430" elapsed="0.019303"/>
</kw>
<kw name="Input Text" owner="SeleniumLibrary">
<msg time="2025-11-11T21:35:57.429052" level="INFO">Typing text '1234' into text field '//*[@cid='l2']'.</msg>
<arg>${PWD_INPUT}</arg>
<arg>${password}</arg>
<doc>Types the given ``text`` into the text field identified by ``locator``.</doc>
<status status="PASS" start="2025-11-11T21:35:57.428869" elapsed="0.036251"/>
</kw>
<kw name="Click Element" owner="SeleniumLibrary">
<msg time="2025-11-11T21:35:57.465631" level="INFO">Clicking element '//*[@cid='lc']'.</msg>
<arg>${LOGIN_BTN}</arg>
<doc>Click the element identified by ``locator``.</doc>
<status status="PASS" start="2025-11-11T21:35:57.465408" elapsed="0.039332"/>
</kw>
<kw name="Wait Until Location Contains" owner="SeleniumLibrary">
<arg>${ACCOUNT_PATH}</arg>
<arg>${EXPLICIT_WAIT}</arg>
<doc>Waits until the current URL contains ``expected``.</doc>
<status status="PASS" start="2025-11-11T21:35:57.504870" elapsed="0.233508"/>
</kw>
<kw name="Page Should Not Contain Element" owner="SeleniumLibrary">
<msg time="2025-11-11T21:35:57.744983" level="INFO">Current page does not contain element '//*[@cid='login-error-mes']'.</msg>
<arg>${LOGIN_ERROR_LABEL}</arg>
<doc>Verifies that element ``locator`` is not found on the current page.</doc>
<status status="PASS" start="2025-11-11T21:35:57.738525" elapsed="0.006522"/>
</kw>
<kw name="Sleep" owner="BuiltIn">
<msg time="2025-11-11T21:35:58.245930" level="INFO">Slept 500 milliseconds.</msg>
<arg>0.5s</arg>
<doc>Pauses the test executed for the given time.</doc>
<status status="PASS" start="2025-11-11T21:35:57.745167" elapsed="0.501110"/>
</kw>
<arg>${account}</arg>
<arg>${password}</arg>
<status status="PASS" start="2025-11-11T21:35:57.229109" elapsed="1.017479"/>
</kw>
<kw name="Read Current Balance">
<kw name="Wait Until Element Is Visible" owner="SeleniumLibrary">
<arg>${BALANCE_LABEL}</arg>
<arg>${EXPLICIT_WAIT}</arg>
<doc>Waits until the element ``locator`` is visible.</doc>
<status status="PASS" start="2025-11-11T21:35:58.248011" elapsed="0.020591"/>
</kw>
<kw name="Get Text" owner="SeleniumLibrary">
<msg time="2025-11-11T21:35:58.281088" level="INFO">${txt} = 100</msg>
<var>${txt}</var>
<arg>${BALANCE_LABEL}</arg>
<doc>Returns the text value of the element identified by ``locator``.</doc>
<status status="PASS" start="2025-11-11T21:35:58.268813" elapsed="0.012299"/>
</kw>
<kw name="To Integer From Text">
<kw name="Replace String Using Regexp" owner="String">
<msg time="2025-11-11T21:35:58.281836" level="INFO">${clean} = 100</msg>
<var>${clean}</var>
<arg>${text}</arg>
<arg>[^0-9\-]</arg>
<arg>${EMPTY}</arg>
<doc>Replaces ``pattern`` in the given ``string`` with ``replace_with``.</doc>
<status status="PASS" start="2025-11-11T21:35:58.281436" elapsed="0.000417"/>
</kw>
<kw name="Convert To Integer" owner="BuiltIn">
<msg time="2025-11-11T21:35:58.282027" level="INFO">${num} = 100</msg>
<var>${num}</var>
<arg>${clean}</arg>
<doc>Converts the given item to an integer number.</doc>
<status status="PASS" start="2025-11-11T21:35:58.281923" elapsed="0.000122"/>
</kw>
<return>
<value>${num}</value>
<status status="PASS" start="2025-11-11T21:35:58.282082" elapsed="0.000036"/>
</return>
<msg time="2025-11-11T21:35:58.282192" level="INFO">${num} = 100</msg>
<var>${num}</var>
<arg>${txt}</arg>
<status status="PASS" start="2025-11-11T21:35:58.281242" elapsed="0.000966"/>
</kw>
<return>
<value>${num}</value>
<status status="PASS" start="2025-11-11T21:35:58.282236" elapsed="0.000017"/>
</return>
<msg time="2025-11-11T21:35:58.282313" level="INFO">${bal} = 100</msg>
<var>${bal}</var>
<status status="PASS" start="2025-11-11T21:35:58.247377" elapsed="0.034949"/>
</kw>
<return>
<value>${bal}</value>
<status status="PASS" start="2025-11-11T21:35:58.282355" elapsed="0.000017"/>
</return>
<msg time="2025-11-11T21:35:58.282441" level="INFO">${dst_after} = 100</msg>
<var>${dst_after}</var>
<arg>${DST_ACCOUNT}</arg>
<arg>${DST_PASSWORD}</arg>
<status status="PASS" start="2025-11-11T21:35:55.706440" elapsed="2.576014"/>
</kw>
<kw name="Evaluate" owner="BuiltIn">
<msg time="2025-11-11T21:35:58.282749" level="INFO">${expect_dst} = 100</msg>
<var>${expect_dst}</var>
<arg>${dst_before} + ${XFER_AMOUNT}</arg>
<doc>Evaluates the given expression in Python and returns the result.</doc>
<status status="PASS" start="2025-11-11T21:35:58.282575" elapsed="0.000189"/>
</kw>
<kw name="Should Be Equal As Integers" owner="BuiltIn">
<arg>${dst_after}</arg>
<arg>${expect_dst}</arg>
<doc>Fails if objects are unequal after converting them to integers.</doc>
<status status="PASS" start="2025-11-11T21:35:58.282850" elapsed="0.000112"/>
</kw>
<kw name="Log To Console" owner="BuiltIn">
<arg>\n${dst_before}</arg>
<doc>Logs the given message to the console.</doc>
<status status="PASS" start="2025-11-11T21:35:58.283036" elapsed="0.000093"/>
</kw>
<kw name="Display Latest Transfer From">
<kw name="Wait Until Page Contains Element" owner="SeleniumLibrary">
<arg>${DST_LATEST_XFER_CARD}</arg>
<arg>${EXPLICIT_WAIT}</arg>
<doc>Waits until the element ``locator`` appears on the current page.</doc>
<status status="PASS" start="2025-11-11T21:35:58.283415" elapsed="0.005629"/>
</kw>
<kw name="Get Text" owner="SeleniumLibrary">
<msg time="2025-11-11T21:35:58.298603" level="INFO">${dst_date_line} = date: 2025-11-11T14:35:54.952Z</msg>
<var>${dst_date_line}</var>
<arg>${DST_LATEST_XFER_CARD}//*[contains(normalize-space(.),'date:')][1]</arg>
<doc>Returns the text value of the element identified by ``locator``.</doc>
<status status="PASS" start="2025-11-11T21:35:58.289118" elapsed="0.009514"/>
</kw>
<kw name="Get Text" owner="SeleniumLibrary">
<msg time="2025-11-11T21:35:58.308558" level="INFO">${dst_target_line} = target: 1111111111</msg>
<var>${dst_target_line}</var>
<arg>${DST_LATEST_XFER_CARD}//*[contains(normalize-space(.),'target:')][1]</arg>
<doc>Returns the text value of the element identified by ``locator``.</doc>
<status status="PASS" start="2025-11-11T21:35:58.298737" elapsed="0.009853"/>
</kw>
<kw name="Get Text" owner="SeleniumLibrary">
<msg time="2025-11-11T21:35:58.318643" level="INFO">${dst_amount_line} = amount: 100</msg>
<var>${dst_amount_line}</var>
<arg>${DST_LATEST_XFER_CARD}//*[contains(normalize-space(.),'amount:')][1]</arg>
<doc>Returns the text value of the element identified by ``locator``.</doc>
<status status="PASS" start="2025-11-11T21:35:58.308691" elapsed="0.009980"/>
</kw>
<kw name="Get Text" owner="SeleniumLibrary">
<msg time="2025-11-11T21:35:58.328226" level="INFO">${dst_balance_line} = balance: 100</msg>
<var>${dst_balance_line}</var>
<arg>${DST_LATEST_XFER_CARD}//*[contains(normalize-space(.),'balance:')][1]</arg>
<doc>Returns the text value of the element identified by ``locator``.</doc>
<status status="PASS" start="2025-11-11T21:35:58.318770" elapsed="0.009485"/>
</kw>
<kw name="Get Text After Label">
<kw name="Replace String" owner="String">
<msg time="2025-11-11T21:35:58.328943" level="INFO">${val} =  2025-11-11T14:35:54.952Z</msg>
<var>${val}</var>
<arg>${line}</arg>
<arg>${label}</arg>
<arg>${EMPTY}</arg>
<doc>Replaces ``search_for`` in the given ``string`` with ``replace_with``.</doc>
<status status="PASS" start="2025-11-11T21:35:58.328592" elapsed="0.000368"/>
</kw>
<kw name="Strip String" owner="String">
<msg time="2025-11-11T21:35:58.329102" level="INFO">${val} = 2025-11-11T14:35:54.952Z</msg>
<var>${val}</var>
<arg>${val}</arg>
<doc>Remove leading and/or trailing whitespaces from the given string.</doc>
<status status="PASS" start="2025-11-11T21:35:58.329022" elapsed="0.000093"/>
</kw>
<return>
<value>${val}</value>
<status status="PASS" start="2025-11-11T21:35:58.329145" elapsed="0.000027"/>
</return>
<msg time="2025-11-11T21:35:58.329241" level="INFO">${DST_DATE} = 2025-11-11T14:35:54.952Z</msg>
<var>${DST_DATE}</var>
<arg>${dst_date_line}</arg>
<arg>date:</arg>
<status status="PASS" start="2025-11-11T21:35:58.328386" elapsed="0.000868"/>
</kw>
<kw name="To Integer From Labeled Line">
<kw name="To Integer From Text">
<kw name="Replace String Using Regexp" owner="String">
<msg time="2025-11-11T21:35:58.329918" level="INFO">${clean} = 1111111111</msg>
<var>${clean}</var>
<arg>${text}</arg>
<arg>[^0-9\-]</arg>
<arg>${EMPTY}</arg>
<doc>Replaces ``pattern`` in the given ``string`` with ``replace_with``.</doc>
<status status="PASS" start="2025-11-11T21:35:58.329618" elapsed="0.000316"/>
</kw>
<kw name="Convert To Integer" owner="BuiltIn">
<msg time="2025-11-11T21:35:58.330157" level="INFO">${num} = 1111111111</msg>
<var>${num}</var>
<arg>${clean}</arg>
<doc>Converts the given item to an integer number.</doc>
<status status="PASS" start="2025-11-11T21:35:58.329991" elapsed="0.000180"/>
</kw>
<return>
<value>${num}</value>
<status status="PASS" start="2025-11-11T21:35:58.330201" elapsed="0.000018"/>
</return>
<msg time="2025-11-11T21:35:58.330283" level="INFO">${num} = 1111111111</msg>
<var>${num}</var>
<arg>${line}</arg>
<status status="PASS" start="2025-11-11T21:35:58.329486" elapsed="0.000810"/>
</kw>
<return>
<value>${num}</value>
<status status="PASS" start="2025-11-11T21:35:58.330322" elapsed="0.000015"/>
</return>
<msg time="2025-11-11T21:35:58.330392" level="INFO">${DST_TARGET} = 1111111111</msg>
<var>${DST_TARGET}</var>
<arg>${dst_target_line}</arg>
<status status="PASS" start="2025-11-11T21:35:58.329328" elapsed="0.001077"/>
</kw>
<kw name="To Integer From Labeled Line">
<kw name="To Integer From Text">
<kw name="Replace String Using Regexp" owner="String">
<msg time="2025-11-11T21:35:58.331046" level="INFO">${clean} = 100</msg>
<var>${clean}</var>
<arg>${text}</arg>
<arg>[^0-9\-]</arg>
<arg>${EMPTY}</arg>
<doc>Replaces ``pattern`` in the given ``string`` with ``replace_with``.</doc>
<status status="PASS" start="2025-11-11T21:35:58.330756" elapsed="0.000305"/>
</kw>
<kw name="Convert To Integer" owner="BuiltIn">
<msg time="2025-11-11T21:35:58.331203" level="INFO">${num} = 100</msg>
<var>${num}</var>
<arg>${clean}</arg>
<doc>Converts the given item to an integer number.</doc>
<status status="PASS" start="2025-11-11T21:35:58.331116" elapsed="0.000101"/>
</kw>
<return>
<value>${num}</value>
<status status="PASS" start="2025-11-11T21:35:58.331244" elapsed="0.000017"/>
</return>
<msg time="2025-11-11T21:35:58.331320" level="INFO">${num} = 100</msg>
<var>${num}</var>
<arg>${line}</arg>
<status status="PASS" start="2025-11-11T21:35:58.330625" elapsed="0.000708"/>
</kw>
<return>
<value>${num}</value>
<status status="PASS" start="2025-11-11T21:35:58.331357" elapsed="0.000014"/>
</return>
<msg time="2025-11-11T21:35:58.331427" level="INFO">${DST_AMOUNT} = 100</msg>
<var>${DST_AMOUNT}</var>
<arg>${dst_amount_line}</arg>
<status status="PASS" start="2025-11-11T21:35:58.330469" elapsed="0.000971"/>
</kw>
<kw name="To Integer From Labeled Line">
<kw name="To Integer From Text">
<kw name="Replace String Using Regexp" owner="String">
<msg time="2025-11-11T21:35:58.332078" level="INFO">${clean} = 100</msg>
<var>${clean}</var>
<arg>${text}</arg>
<arg>[^0-9\-]</arg>
<arg>${EMPTY}</arg>
<doc>Replaces ``pattern`` in the given ``string`` with ``replace_with``.</doc>
<status status="PASS" start="2025-11-11T21:35:58.331791" elapsed="0.000302"/>
</kw>
<kw name="Convert To Integer" owner="BuiltIn">
<msg time="2025-11-11T21:35:58.332233" level="INFO">${num} = 100</msg>
<var>${num}</var>
<arg>${clean}</arg>
<doc>Converts the given item to an integer number.</doc>
<status status="PASS" start="2025-11-11T21:35:58.332148" elapsed="0.000098"/>
</kw>
<return>
<value>${num}</value>
<status status="PASS" start="2025-11-11T21:35:58.332273" elapsed="0.000015"/>
</return>
<msg time="2025-11-11T21:35:58.332347" level="INFO">${num} = 100</msg>
<var>${num}</var>
<arg>${line}</arg>
<status status="PASS" start="2025-11-11T21:35:58.331652" elapsed="0.000708"/>
</kw>
<return>
<value>${num}</value>
<status status="PASS" start="2025-11-11T21:35:58.332386" elapsed="0.000016"/>
</return>
<msg time="2025-11-11T21:35:58.332460" level="INFO">${DST_BALANCE} = 100</msg>
<var>${DST_BALANCE}</var>
<arg>${dst_balance_line}</arg>
<status status="PASS" start="2025-11-11T21:35:58.331502" elapsed="0.000970"/>
</kw>
<kw name="Set Test Variable" owner="BuiltIn">
<msg time="2025-11-11T21:35:58.332638" level="INFO">${DST_DATE} = 2025-11-11T14:35:54.952Z</msg>
<arg>${DST_DATE}</arg>
<doc>Makes a variable available everywhere within the scope of the current test.</doc>
<status status="PASS" start="2025-11-11T21:35:58.332533" elapsed="0.000128"/>
</kw>
<kw name="Set Test Variable" owner="BuiltIn">
<msg time="2025-11-11T21:35:58.332798" level="INFO">${DST_TARGET} = 1111111111</msg>
<arg>${DST_TARGET}</arg>
<doc>Makes a variable available everywhere within the scope of the current test.</doc>
<status status="PASS" start="2025-11-11T21:35:58.332713" elapsed="0.000106"/>
</kw>
<kw name="Set Test Variable" owner="BuiltIn">
<msg time="2025-11-11T21:35:58.332944" level="INFO">${DST_AMOUNT} = 100</msg>
<arg>${DST_AMOUNT}</arg>
<doc>Makes a variable available everywhere within the scope of the current test.</doc>
<status status="PASS" start="2025-11-11T21:35:58.332867" elapsed="0.000098"/>
</kw>
<kw name="Set Test Variable" owner="BuiltIn">
<msg time="2025-11-11T21:35:58.333097" level="INFO">${DST_BALANCE} = 100</msg>
<arg>${DST_BALANCE}</arg>
<doc>Makes a variable available everywhere within the scope of the current test.</doc>
<status status="PASS" start="2025-11-11T21:35:58.333013" elapsed="0.000105"/>
</kw>
<kw name="Log To Console" owner="BuiltIn">
<arg>\n=== LATEST TRANSFER FROM ===</arg>
<doc>Logs the given message to the console.</doc>
<status status="PASS" start="2025-11-11T21:35:58.333169" elapsed="0.000093"/>
</kw>
<kw name="Log To Console" owner="BuiltIn">
<arg>${dst_date_line}</arg>
<doc>Logs the given message to the console.</doc>
<status status="PASS" start="2025-11-11T21:35:58.333308" elapsed="0.000073"/>
</kw>
<kw name="Log To Console" owner="BuiltIn">
<arg>${dst_target_line}</arg>
<doc>Logs the given message to the console.</doc>
<status status="PASS" start="2025-11-11T21:35:58.333432" elapsed="0.000076"/>
</kw>
<kw name="Log To Console" owner="BuiltIn">
<arg>${dst_amount_line}</arg>
<doc>Logs the given message to the console.</doc>
<status status="PASS" start="2025-11-11T21:35:58.333561" elapsed="0.000075"/>
</kw>
<kw name="Log To Console" owner="BuiltIn">
<arg>${dst_balance_line}</arg>
<doc>Logs the given message to the console.</doc>
<status status="PASS" start="2025-11-11T21:35:58.333688" elapsed="0.000070"/>
</kw>
<status status="PASS" start="2025-11-11T21:35:58.283267" elapsed="0.050522"/>
</kw>
<kw name="Assert Latest Transfer Pair Consistency">
<kw name="Convert To Integer" owner="BuiltIn">
<msg time="2025-11-11T21:35:58.334182" level="INFO">${DST_ACC_INT} = 1910000000</msg>
<var>${DST_ACC_INT}</var>
<arg>${DST_ACCOUNT}</arg>
<doc>Converts the given item to an integer number.</doc>
<status status="PASS" start="2025-11-11T21:35:58.334100" elapsed="0.000096"/>
</kw>
<kw name="Convert To Integer" owner="BuiltIn">
<msg time="2025-11-11T21:35:58.334329" level="INFO">${SRC_ACC_INT} = 1111111111</msg>
<var>${SRC_ACC_INT}</var>
<arg>${SRC_ACCOUNT}</arg>
<doc>Converts the given item to an integer number.</doc>
<status status="PASS" start="2025-11-11T21:35:58.334246" elapsed="0.000095"/>
</kw>
<kw name="Should Be Equal As Integers" owner="BuiltIn">
<arg>${SRC_TARGET}</arg>
<arg>${DST_ACC_INT}</arg>
<doc>Fails if objects are unequal after converting them to integers.</doc>
<status status="PASS" start="2025-11-11T21:35:58.334387" elapsed="0.000092"/>
</kw>
<kw name="Should Be Equal As Integers" owner="BuiltIn">
<msg time="2025-11-11T21:35:58.334599" level="INFO">Argument types are:
&lt;class 'int'&gt;
&lt;class 'str'&gt;</msg>
<arg>${SRC_AMOUNT}</arg>
<arg>${XFER_AMOUNT}</arg>
<doc>Fails if objects are unequal after converting them to integers.</doc>
<status status="PASS" start="2025-11-11T21:35:58.334528" elapsed="0.000099"/>
</kw>
<kw name="Should Be Equal As Integers" owner="BuiltIn">
<arg>${SRC_BALANCE}</arg>
<arg>${src_after}</arg>
<doc>Fails if objects are unequal after converting them to integers.</doc>
<status status="PASS" start="2025-11-11T21:35:58.334673" elapsed="0.000090"/>
</kw>
<kw name="Replace String Using Regexp" owner="String">
<msg time="2025-11-11T21:35:58.335340" level="INFO">${SRC_DATE_MM} = 2025-11-11T14:35:54.952Z</msg>
<var>${SRC_DATE_MM}</var>
<arg>${SRC_DATE}</arg>
<arg>:\d{2}$</arg>
<arg>${EMPTY}</arg>
<doc>Replaces ``pattern`` in the given ``string`` with ``replace_with``.</doc>
<status status="PASS" start="2025-11-11T21:35:58.334814" elapsed="0.000550"/>
</kw>
<kw name="Replace String Using Regexp" owner="String">
<msg time="2025-11-11T21:35:58.335884" level="INFO">${DST_DATE_MM} = 2025-11-11T14:35:54.952Z</msg>
<var>${DST_DATE_MM}</var>
<arg>${DST_DATE}</arg>
<arg>:\d{2}$</arg>
<arg>${EMPTY}</arg>
<doc>Replaces ``pattern`` in the given ``string`` with ``replace_with``.</doc>
<status status="PASS" start="2025-11-11T21:35:58.335445" elapsed="0.000457"/>
</kw>
<kw name="Should Be Equal As Strings" owner="BuiltIn">
<arg>${DST_DATE_MM}</arg>
<arg>${SRC_DATE_MM}</arg>
<doc>Fails if objects are unequal after converting them to strings.</doc>
<status status="PASS" start="2025-11-11T21:35:58.335971" elapsed="0.000109"/>
</kw>
<kw name="Should Be Equal As Integers" owner="BuiltIn">
<arg>${DST_TARGET}</arg>
<arg>${SRC_ACC_INT}</arg>
<doc>Fails if objects are unequal after converting them to integers.</doc>
<status status="PASS" start="2025-11-11T21:35:58.336134" elapsed="0.000091"/>
</kw>
<kw name="Should Be Equal As Integers" owner="BuiltIn">
<arg>${DST_AMOUNT}</arg>
<arg>${SRC_AMOUNT}</arg>
<doc>Fails if objects are unequal after converting them to integers.</doc>
<status status="PASS" start="2025-11-11T21:35:58.336280" elapsed="0.000089"/>
</kw>
<kw name="Should Be Equal As Integers" owner="BuiltIn">
<arg>${DST_BALANCE}</arg>
<arg>${dst_after}</arg>
<doc>Fails if objects are unequal after converting them to integers.</doc>
<status status="PASS" start="2025-11-11T21:35:58.336418" elapsed="0.000083"/>
</kw>
<arg>${src_after}</arg>
<arg>${dst_after}</arg>
<status status="PASS" start="2025-11-11T21:35:58.333916" elapsed="0.002622"/>
</kw>
<kw name="Capture Page Screenshot" owner="SeleniumLibrary" type="TEARDOWN">
<msg time="2025-11-11T21:35:58.434268" level="INFO" html="true">&lt;/td&gt;&lt;/tr&gt;&lt;tr&gt;&lt;td colspan="3"&gt;&lt;a href="selenium-screenshot-22.png"&gt;&lt;img src="selenium-screenshot-22.png" width="800px"&gt;&lt;/a&gt;</msg>
<doc>Takes a screenshot of the current page and embeds it into a log file.</doc>
<status status="PASS" start="2025-11-11T21:35:58.336691" elapsed="0.097650"/>
</kw>
<status status="PASS" start="2025-11-11T21:35:46.310912" elapsed="12.123595"/>
</test>
<kw name="Close All Browsers" owner="SeleniumLibrary" type="TEARDOWN">
<doc>Closes all open browsers and resets the browser cache.</doc>
<status status="PASS" start="2025-11-11T21:35:58.435126" elapsed="0.078948"/>
</kw>
<status status="PASS" start="2025-11-11T21:35:46.187068" elapsed="12.327076"/>
</suite>
<status status="PASS" start="2025-11-11T21:35:46.168781" elapsed="12.345861"/>
</suite>
<statistics>
<total>
<stat pass="1" fail="0" skip="0">All Tests</stat>
</total>
<tag>
</tag>
<suite>
<stat name="Scenario-8" id="s1" pass="1" fail="0" skip="0">Scenario-8</stat>
<stat name="S8-End-To-End-Transfer-Success" id="s1-s1" pass="1" fail="0" skip="0">Scenario-8.S8-End-To-End-Transfer-Success</stat>
</suite>
</statistics>
<errors>
</errors>
</robot>
